<?xml version="1.0" encoding="UTF-8"?>
<!-- Generated by org.testng.reporters.JUnitReportReporter -->
<testsuite hostname="Hedwig" failures="0" tests="1" name="seleniumMethods.UseOfGetMethodByTestNg" time="0.092" errors="0" timestamp="2022-03-15T20:17:35 CDT" skipped="0">
  <testcase classname="seleniumMethods.UseOfGetMethodByTestNg" name="loginButtonTest" time="0.092"/>
  <system-out/>
</testsuite> <!-- seleniumMethods.UseOfGetMethodByTestNg -->
