<?xml version="1.0" encoding="UTF-8"?>
<!-- Generated by org.testng.reporters.JUnitReportReporter -->
<testsuite hostname="Hedwig" failures="0" tests="3" name="xpathHomework.HW_15_03152022_02_test_by_name_locator" time="0.329" errors="0" timestamp="2022-03-19T13:21:12 CDT" skipped="0">
  <testcase classname="xpathHomework.HW_15_03152022_02_test_by_name_locator" name="testClickByNameLocator" time="0.115"/>
  <system-out/>
  <testcase classname="xpathHomework.HW_15_03152022_02_test_by_name_locator" name="testClickByClassLocator" time="0.077"/>
  <system-out/>
  <testcase classname="xpathHomework.HW_15_03152022_02_test_by_name_locator" name="testClickByLinktext" time="0.137"/>
  <system-out/>
</testsuite> <!-- xpathHomework.HW_15_03152022_02_test_by_name_locator -->
