<?xml version="1.0" encoding="UTF-8"?>
<!-- Generated by org.testng.reporters.JUnitReportReporter -->
<testsuite hostname="Hedwig" failures="0" tests="1" name="seleniumMethods.UseOfIsEnabledButton2" time="0.030" errors="0" timestamp="2022-03-17T20:05:50 CDT" skipped="0">
  <testcase classname="seleniumMethods.UseOfIsEnabledButton2" name="logoTest" time="0.030"/>
  <system-out/>
</testsuite> <!-- seleniumMethods.UseOfIsEnabledButton2 -->
