<?xml version="1.0" encoding="UTF-8"?>
<!-- Generated by org.testng.reporters.JUnitReportReporter -->
<testsuite hostname="Hedwig" failures="0" tests="1" name="seleniumMethods.UseOfTimeLimit" time="1.854" errors="0" timestamp="2022-03-22T19:56:46 CDT" skipped="0">
  <testcase classname="seleniumMethods.UseOfTimeLimit" name="navigationTest" time="1.854"/>
  <system-out/>
</testsuite> <!-- seleniumMethods.UseOfTimeLimit -->
