<?xml version="1.0" encoding="UTF-8"?>
<!-- Generated by org.testng.reporters.JUnitReportReporter -->
<testsuite hostname="Hedwig" failures="0" tests="1" name="seleniumMethods.UseOfGetText" time="5.245" errors="0" timestamp="2022-03-17T21:39:04 CDT" skipped="0">
  <testcase classname="seleniumMethods.UseOfGetText" name="getText" time="5.245"/>
  <system-out/>
</testsuite> <!-- seleniumMethods.UseOfGetText -->
