<?xml version="1.0" encoding="UTF-8"?>
<!-- Generated by org.testng.reporters.JUnitReportReporter -->
<testsuite hostname="Hedwig" failures="0" tests="1" name="selniumHomework.HW_18_03222022" time="9.725" errors="0" timestamp="2022-03-26T03:30:39 CDT" skipped="0">
  <testcase classname="selniumHomework.HW_18_03222022" name="sendKeysAndKeysEnter" time="9.725"/>
  <system-out/>
</testsuite> <!-- selniumHomework.HW_18_03222022 -->
