<?xml version="1.0" encoding="UTF-8"?>
<!-- Generated by org.testng.reporters.JUnitReportReporter -->
<testsuite hostname="Hedwig" failures="0" tests="2" name="xpathHomework.HW_16_03172022_get_text_and_get_attribute" time="0.092" errors="0" timestamp="2022-03-21T18:47:06 CDT" skipped="1">
  <testcase classname="xpathHomework.HW_16_03172022_get_text_and_get_attribute" name="getText2" time="0.092"/>
  <system-out/>
  <testcase classname="xpathHomework.HW_16_03172022_get_text_and_get_attribute" name="getText">
    <skipped/>
  </testcase> <!-- getText -->
  <system-out/>
</testsuite> <!-- xpathHomework.HW_16_03172022_get_text_and_get_attribute -->
