<?xml version="1.0" encoding="UTF-8"?>
<!-- Generated by org.testng.reporters.JUnitReportReporter -->
<testsuite hostname="Hedwig" failures="0" tests="1" name="xpathHomework.Hw_15_03152022_test_by_link_and_partiallink" time="0.124" errors="0" timestamp="2022-03-19T16:55:43 CDT" skipped="0">
  <testcase classname="xpathHomework.Hw_15_03152022_test_by_link_and_partiallink" name="testByLink" time="0.124"/>
  <system-out/>
</testsuite> <!-- xpathHomework.Hw_15_03152022_test_by_link_and_partiallink -->
