<?xml version="1.0" encoding="UTF-8"?>
<!-- Generated by org.testng.reporters.JUnitReportReporter -->
<testsuite hostname="Hedwig" failures="0" tests="1" name="seleniumMethods.B_use_of_css_slector_locator_using_id" time="5.839" errors="0" timestamp="2022-03-15T21:53:50 CDT" skipped="0">
  <testcase classname="seleniumMethods.B_use_of_css_slector_locator_using_id" name="loginModalHeaderTest" time="5.839"/>
  <system-out/>
</testsuite> <!-- seleniumMethods.B_use_of_css_slector_locator_using_id -->
