<?xml version="1.0" encoding="UTF-8"?>
<!-- Generated by org.testng.reporters.JUnitReportReporter -->
<testsuite hostname="Hedwig" failures="0" tests="1" name="seleniumMethods.scrolldownAndUp" time="5.252" errors="0" timestamp="2022-03-30T19:24:58 CDT" skipped="0">
  <testcase classname="seleniumMethods.scrolldownAndUp" name="scrollUp" time="5.252"/>
  <system-out/>
</testsuite> <!-- seleniumMethods.scrolldownAndUp -->
