<?xml version="1.0" encoding="UTF-8"?>
<!-- Generated by org.testng.reporters.JUnitReportReporter -->
<testsuite hostname="Hedwig" failures="0" tests="1" name="xpathHomework.HW_16_03172022_send_keys_clear" time="4.224" errors="0" timestamp="2022-03-22T18:53:42 CDT" skipped="0">
  <testcase classname="xpathHomework.HW_16_03172022_send_keys_clear" name="sendKeysEbay" time="4.224"/>
  <system-out/>
</testsuite> <!-- xpathHomework.HW_16_03172022_send_keys_clear -->
