<?xml version="1.0" encoding="UTF-8"?>
<!-- Generated by org.testng.reporters.JUnitReportReporter -->
<testsuite hostname="Hedwig" failures="0" tests="1" name="seleniumMethods.UseOfClickMethodCssSelector2" time="0.124" errors="0" timestamp="2022-03-17T19:40:42 CDT" skipped="0">
  <testcase classname="seleniumMethods.UseOfClickMethodCssSelector2" name="logInButtonTest" time="0.124"/>
  <system-out/>
</testsuite> <!-- seleniumMethods.UseOfClickMethodCssSelector2 -->
