<?xml version="1.0" encoding="UTF-8"?>
<!-- Generated by org.testng.reporters.JUnitReportReporter -->
<testsuite hostname="Hedwig" failures="0" tests="1" name="xpathHomework.HW_16_03172022_send_keys" time="0.822" errors="0" timestamp="2022-03-22T16:38:29 CDT" skipped="0">
  <testcase classname="xpathHomework.HW_16_03172022_send_keys" name="sendKeys" time="0.822"/>
  <system-out/>
</testsuite> <!-- xpathHomework.HW_16_03172022_send_keys -->
