<?xml version="1.0" encoding="UTF-8"?>
<!-- Generated by org.testng.reporters.JUnitReportReporter -->
<testsuite hostname="Hedwig" failures="0" tests="5" name="selniumHomework.HW_18_3222022_01" time="1.385" errors="0" timestamp="2022-03-26T16:30:59 CDT" skipped="4">
  <testcase classname="selniumHomework.HW_18_3222022_01" name="setSize" time="1.385"/>
  <system-out/>
  <testcase classname="selniumHomework.HW_18_3222022_01" name="screenSizeTest2">
    <skipped/>
  </testcase> <!-- screenSizeTest2 -->
  <system-out/>
  <testcase classname="selniumHomework.HW_18_3222022_01" name="sendKeysAndKeysEnter">
    <skipped/>
  </testcase> <!-- sendKeysAndKeysEnter -->
  <system-out/>
  <testcase classname="selniumHomework.HW_18_3222022_01" name="alternateToGetMethod">
    <skipped/>
  </testcase> <!-- alternateToGetMethod -->
  <system-out/>
  <testcase classname="selniumHomework.HW_18_3222022_01" name="screenSizeTest">
    <skipped/>
  </testcase> <!-- screenSizeTest -->
  <system-out/>
</testsuite> <!-- selniumHomework.HW_18_3222022_01 -->
