<?xml version="1.0" encoding="UTF-8"?>
<!-- Generated by org.testng.reporters.JUnitReportReporter -->
<testsuite hostname="Hedwig" failures="0" tests="2" name="xpathHomework.HW_16_03172022" time="0.037" errors="0" timestamp="2022-03-21T03:49:10 CDT" skipped="1">
  <testcase classname="xpathHomework.HW_16_03172022" name="linkTest" time="0.037"/>
  <system-out/>
  <testcase classname="xpathHomework.HW_16_03172022" name="logoTestByIsDisplayed">
    <skipped/>
  </testcase> <!-- logoTestByIsDisplayed -->
  <system-out/>
</testsuite> <!-- xpathHomework.HW_16_03172022 -->
