<?xml version="1.0" encoding="UTF-8"?>
<!-- Generated by org.testng.reporters.JUnitReportReporter -->
<testsuite hostname="Hedwig" failures="0" tests="3" name="selniumHomework.HW_18_3222022_2" time="5.619" errors="0" timestamp="2022-03-29T00:19:23 CDT" skipped="0">
  <testcase classname="selniumHomework.HW_18_3222022_2" name="title" time="0.010"/>
  <system-out/>
  <testcase classname="selniumHomework.HW_18_3222022_2" name="mouseHoverover" time="5.286"/>
  <system-out/>
  <testcase classname="selniumHomework.HW_18_3222022_2" name="dropdown" time="0.323"/>
  <system-out/>
</testsuite> <!-- selniumHomework.HW_18_3222022_2 -->
