<?xml version="1.0" encoding="UTF-8"?>
<!-- Generated by org.testng.reporters.JUnitReportReporter -->
<testsuite hostname="Hedwig" failures="0" tests="4" name="xpathHomework.HW_16_03172022_is__selected" time="8.711" errors="0" timestamp="2022-03-21T15:26:23 CDT" skipped="3">
  <testcase classname="xpathHomework.HW_16_03172022_is__selected" name="getCurrentUrl2" time="8.711"/>
  <system-out/>
  <testcase classname="xpathHomework.HW_16_03172022_is__selected" name="getCurrentUrl">
    <skipped/>
  </testcase> <!-- getCurrentUrl -->
  <system-out/>
  <testcase classname="xpathHomework.HW_16_03172022_is__selected" name="buttonTest">
    <skipped/>
  </testcase> <!-- buttonTest -->
  <system-out/>
  <testcase classname="xpathHomework.HW_16_03172022_is__selected" name="getTitle">
    <skipped/>
  </testcase> <!-- getTitle -->
  <system-out/>
</testsuite> <!-- xpathHomework.HW_16_03172022_is__selected -->
