<?xml version="1.0" encoding="UTF-8"?>
<!-- Generated by org.testng.reporters.JUnitReportReporter -->
<testsuite hostname="Hedwig" failures="0" tests="1" name="seleniumMethods.UseOfIsDisplayedButton" time="0.043" errors="0" timestamp="2022-03-17T19:53:13 CDT" skipped="0">
  <testcase classname="seleniumMethods.UseOfIsDisplayedButton" name="logoTest" time="0.043"/>
  <system-out/>
</testsuite> <!-- seleniumMethods.UseOfIsDisplayedButton -->
