<?xml version="1.0" encoding="UTF-8"?>
<!-- Generated by org.testng.reporters.JUnitReportReporter -->
<testsuite hostname="Hedwig" failures="0" tests="1" name="seleniumMethods.UseOfMouseHover" time="5.330" errors="0" timestamp="2022-03-22T21:54:02 CDT" skipped="0">
  <testcase classname="seleniumMethods.UseOfMouseHover" name="selectByMouseHover" time="5.330"/>
  <system-out/>
</testsuite> <!-- seleniumMethods.UseOfMouseHover -->
