<?xml version="1.0" encoding="UTF-8"?>
<!-- Generated by org.testng.reporters.JUnitReportReporter -->
<testsuite hostname="Hedwig" failures="0" tests="3" name="selniumHomework.HW_18_3222022_3" time="3.808" errors="0" timestamp="2022-03-28T18:02:40 CDT" skipped="0">
  <testcase classname="selniumHomework.HW_18_3222022_3" name="mouseHoverOver" time="0.387"/>
  <system-out/>
  <testcase classname="selniumHomework.HW_18_3222022_3" name="dropdown" time="3.303"/>
  <system-out/>
  <testcase classname="selniumHomework.HW_18_3222022_3" name="dropdown2" time="0.118"/>
  <system-out/>
</testsuite> <!-- selniumHomework.HW_18_3222022_3 -->
