<?xml version="1.0" encoding="UTF-8"?>
<!-- Generated by org.testng.reporters.JUnitReportReporter -->
<testsuite hostname="Hedwig" failures="0" tests="2" name="selniumHomework.HW_19_03242022_alert" time="0.101" errors="0" timestamp="2022-04-01T18:05:06 CDT" skipped="0">
  <testcase classname="selniumHomework.HW_19_03242022_alert" name="alert" time="0.053"/>
  <system-out/>
  <testcase classname="selniumHomework.HW_19_03242022_alert" name="confirm" time="0.048"/>
  <system-out/>
</testsuite> <!-- selniumHomework.HW_19_03242022_alert -->
