<?xml version="1.0" encoding="UTF-8"?>
<!-- Generated by org.testng.reporters.JUnitReportReporter -->
<testsuite hostname="Hedwig" failures="0" tests="1" name="seleniumMethods.UseOfClickMethod" time="5.065" errors="0" timestamp="2022-03-15T21:01:01 CDT" skipped="0">
  <testcase classname="seleniumMethods.UseOfClickMethod" name="newUserRegistrationButtonTest" time="5.065"/>
  <system-out/>
</testsuite> <!-- seleniumMethods.UseOfClickMethod -->
