<?xml version="1.0" encoding="UTF-8"?>
<!-- Generated by org.testng.reporters.JUnitReportReporter -->
<testsuite hostname="Hedwig" failures="0" tests="1" name="seleniumMethods.UseOfLinkTest" time="5.642" errors="0" timestamp="2022-03-15T21:13:47 CDT" skipped="0">
  <testcase classname="seleniumMethods.UseOfLinkTest" name="sellEbayTest" time="5.642"/>
  <system-out/>
</testsuite> <!-- seleniumMethods.UseOfLinkTest -->
