<?xml version="1.0" encoding="UTF-8"?>
<!-- Generated by org.testng.reporters.JUnitReportReporter -->
<testsuite hostname="Hedwig" failures="0" tests="1" name="seleniumMethods.B_use_of_get_method" time="5.550" errors="0" timestamp="2022-03-15T21:47:56 CDT" skipped="0">
  <testcase classname="seleniumMethods.B_use_of_get_method" name="loginModalHeaderTest" time="5.550"/>
  <system-out/>
</testsuite> <!-- seleniumMethods.B_use_of_get_method -->
