<?xml version="1.0" encoding="UTF-8"?>
<!-- Generated by org.testng.reporters.JUnitReportReporter -->
<testsuite hostname="Hedwig" failures="0" tests="1" name="seleniumMethods.UseOfGet" time="18.982" errors="0" timestamp="2022-03-17T21:59:58 CDT" skipped="0">
  <testcase classname="seleniumMethods.UseOfGet" name="searchProductTest" time="18.982"/>
  <system-out/>
</testsuite> <!-- seleniumMethods.UseOfGet -->
