<?xml version="1.0" encoding="UTF-8"?>
<!-- Generated by org.testng.reporters.JUnitReportReporter -->
<testsuite hostname="Hedwig" failures="0" tests="1" name="selniumHomework.Firefox" time="6.990" errors="0" timestamp="2022-03-28T18:32:35 CDT" skipped="0">
  <testcase classname="selniumHomework.Firefox" name="navigationTest" time="6.990"/>
  <system-out/>
</testsuite> <!-- selniumHomework.Firefox -->
