<?xml version="1.0" encoding="UTF-8"?>
<!-- Generated by org.testng.reporters.JUnitReportReporter -->
<testsuite hostname="Hedwig" failures="0" tests="1" name="seleniumMethods.GetAttribute" time="0.473" errors="0" timestamp="2022-03-17T21:32:09 CDT" skipped="0">
  <testcase classname="seleniumMethods.GetAttribute" name="getText" time="0.473"/>
  <system-out/>
</testsuite> <!-- seleniumMethods.GetAttribute -->
