<?xml version="1.0" encoding="UTF-8"?>
<!-- Generated by org.testng.reporters.JUnitReportReporter -->
<testsuite hostname="Hedwig" failures="0" tests="1" name="selniumHomework.HW_19_03242022_Explicitly_Wait" time="2.961" errors="0" timestamp="2022-04-05T15:03:40 CDT" skipped="0">
  <testcase classname="selniumHomework.HW_19_03242022_Explicitly_Wait" name="explicitlyWait2" time="2.961"/>
  <system-out/>
</testsuite> <!-- selniumHomework.HW_19_03242022_Explicitly_Wait -->
