<?xml version="1.0" encoding="UTF-8"?>
<!-- Generated by org.testng.reporters.JUnitReportReporter -->
<testsuite hostname="Hedwig" failures="0" tests="2" name="xpathHomework.HW_16_03172022_get_attribute" time="0.032" errors="0" timestamp="2022-03-22T01:29:47 CDT" skipped="1">
  <testcase classname="xpathHomework.HW_16_03172022_get_attribute" name="getAttribute1" time="0.032"/>
  <system-out/>
  <testcase classname="xpathHomework.HW_16_03172022_get_attribute" name="getAttribute">
    <skipped/>
  </testcase> <!-- getAttribute -->
  <system-out/>
</testsuite> <!-- xpathHomework.HW_16_03172022_get_attribute -->
