<?xml version="1.0" encoding="UTF-8"?>
<!-- Generated by org.testng.reporters.JUnitReportReporter -->
<testsuite hostname="Hedwig" failures="0" tests="1" name="usingFirefox.useOfChromeDriver" time="0.044" errors="0" timestamp="2022-03-25T22:35:55 CDT" skipped="0">
  <testcase classname="usingFirefox.useOfChromeDriver" name="navigationTest" time="0.044"/>
  <system-out/>
</testsuite> <!-- usingFirefox.useOfChromeDriver -->
