<?xml version="1.0" encoding="UTF-8"?>
<!-- Generated by org.testng.reporters.JUnitReportReporter -->
<testsuite hostname="Hedwig" failures="0" tests="1" name="xpathHomework.HW_1503152022_02" time="0.570" errors="0" timestamp="2022-03-19T02:49:50 CDT" skipped="0">
  <testcase classname="xpathHomework.HW_1503152022_02" name="testByClick" time="0.570"/>
  <system-out/>
</testsuite> <!-- xpathHomework.HW_1503152022_02 -->
