<?xml version="1.0" encoding="UTF-8"?>
<!-- Generated by org.testng.reporters.JUnitReportReporter -->
<testsuite hostname="Hedwig" failures="0" tests="2" name="xpathHomework.HW_16_03172022_send_keys2" time="0.145" errors="0" timestamp="2022-03-22T17:02:49 CDT" skipped="0">
  <testcase classname="xpathHomework.HW_16_03172022_send_keys2" name="sendKeysUhc" time="0.064"/>
  <system-out/>
  <testcase classname="xpathHomework.HW_16_03172022_send_keys2" name="sendKeysAndClick" time="0.081"/>
  <system-out/>
</testsuite> <!-- xpathHomework.HW_16_03172022_send_keys2 -->
